# JRE version: OpenJDK Runtime Environment Temurin-21.0.6+7 (21.0.6+7) (build 21.0.6+7-LTS)
# Java VM: OpenJDK 64-Bit Server VM Temurin-21.0.6+7 (21.0.6+7-LTS, mixed mode, sharing, tiered, compressed oops, compressed class ptrs, g1 gc, windows-amd64)
GC Precious Log:
 CardTable entry size: 512
 Card Set container configuration: InlinePtr #cards 4 size 8 Array Of Cards #cards 16 size 48 Howl #buckets 8 coarsen threshold 3686 Howl Bitmap #cards 512 size 80 coarsen threshold 460 Card regions per heap region 1 cards per card region 4096
 CPUs: 16 total, 16 available
 Memory: 16163M
 Large Page Support: Disabled
 NUMA Support: Disabled
 Compressed Oops: Enabled (Zero based)
 Heap Region Size: 2M
 Heap Min Capacity: 8M
 Heap Initial Capacity: 254M
 Heap Max Capacity: 4042M
 Pre-touch: Disabled
 Parallel Workers: 13
 Concurrent Workers: 3
 Concurrent Refinement Workers: 13
 Periodic GC: Disabled
Heap:
 garbage-first heap   total 110592K, used 91200K [0x0000000703600000, 0x0000000800000000)
  region size 2048K, 27 young (55296K), 1 survivors (2048K)
 Metaspace       used 88485K, committed 89664K, reserved 1179648K
  class space    used 11011K, committed 11584K, reserved 1048576K
GC Heap History (20 events):
Event: 1032.062 GC heap after
{Heap after GC invocations=40 (full 10):
 garbage-first heap   total 110592K, used 30850K [0x0000000703600000, 0x0000000800000000)
  region size 2048K, 0 young (0K), 0 survivors (0K)
 Metaspace       used 85432K, committed 86528K, reserved 1179648K
  class space    used 10785K, committed 11328K, reserved 1048576K
}
Event: 1032.573 GC heap before
{Heap before GC invocations=40 (full 10):
 garbage-first heap   total 110592K, used 88194K [0x0000000703600000, 0x0000000800000000)
  region size 2048K, 29 young (59392K), 0 survivors (0K)
 Metaspace       used 85939K, committed 87040K, reserved 1179648K
  class space    used 10828K, committed 11392K, reserved 1048576K
}
Event: 1032.575 GC heap after
{Heap after GC invocations=41 (full 10):
 garbage-first heap   total 110592K, used 36550K [0x0000000703600000, 0x0000000800000000)
  region size 2048K, 3 young (6144K), 3 survivors (6144K)
 Metaspace       used 85939K, committed 87040K, reserved 1179648K
  class space    used 10828K, committed 11392K, reserved 1048576K
}
Event: 1045.313 GC heap before
{Heap before GC invocations=41 (full 10):
 garbage-first heap   total 110592K, used 54982K [0x0000000703600000, 0x0000000800000000)
  region size 2048K, 13 young (26624K), 3 survivors (6144K)
 Metaspace       used 86060K, committed 87168K, reserved 1179648K
  class space    used 10834K, committed 11392K, reserved 1048576K
}
Event: 1045.349 GC heap after
{Heap after GC invocations=42 (full 11):
 garbage-first heap   total 110592K, used 31154K [0x0000000703600000, 0x0000000800000000)
  region size 2048K, 0 young (0K), 0 survivors (0K)
 Metaspace       used 86053K, committed 87168K, reserved 1179648K
  class space    used 10833K, committed 11392K, reserved 1048576K
}
Event: 1045.900 GC heap before
{Heap before GC invocations=42 (full 11):
 garbage-first heap   total 110592K, used 90546K [0x0000000703600000, 0x0000000800000000)
  region size 2048K, 30 young (61440K), 0 survivors (0K)
 Metaspace       used 86601K, committed 87744K, reserved 1179648K
  class space    used 10876K, committed 11456K, reserved 1048576K
}
Event: 1045.902 GC heap after
{Heap after GC invocations=43 (full 11):
 garbage-first heap   total 110592K, used 37078K [0x0000000703600000, 0x0000000800000000)
  region size 2048K, 3 young (6144K), 3 survivors (6144K)
 Metaspace       used 86601K, committed 87744K, reserved 1179648K
  class space    used 10876K, committed 11456K, reserved 1048576K
}
Event: 1200.149 GC heap before
{Heap before GC invocations=43 (full 11):
 garbage-first heap   total 110592K, used 69846K [0x0000000703600000, 0x0000000800000000)
  region size 2048K, 20 young (40960K), 3 survivors (6144K)
 Metaspace       used 86686K, committed 87808K, reserved 1179648K
  class space    used 10877K, committed 11456K, reserved 1048576K
}
Event: 1200.186 GC heap after
{Heap after GC invocations=44 (full 12):
 garbage-first heap   total 110592K, used 31481K [0x0000000703600000, 0x0000000800000000)
  region size 2048K, 0 young (0K), 0 survivors (0K)
 Metaspace       used 86679K, committed 87808K, reserved 1179648K
  class space    used 10876K, committed 11456K, reserved 1048576K
}
Event: 1200.698 GC heap before
{Heap before GC invocations=44 (full 12):
 garbage-first heap   total 110592K, used 90873K [0x0000000703600000, 0x0000000800000000)
  region size 2048K, 29 young (59392K), 0 survivors (0K)
 Metaspace       used 87263K, committed 88384K, reserved 1179648K
  class space    used 10919K, committed 11456K, reserved 1048576K
}
Event: 1200.700 GC heap after
{Heap after GC invocations=45 (full 12):
 garbage-first heap   total 110592K, used 37273K [0x0000000703600000, 0x0000000800000000)
  region size 2048K, 3 young (6144K), 3 survivors (6144K)
 Metaspace       used 87263K, committed 88384K, reserved 1179648K
  class space    used 10919K, committed 11456K, reserved 1048576K
}
Event: 1260.145 GC heap before
{Heap before GC invocations=45 (full 12):
 garbage-first heap   total 110592K, used 61849K [0x0000000703600000, 0x0000000800000000)
  region size 2048K, 16 young (32768K), 3 survivors (6144K)
 Metaspace       used 87373K, committed 88448K, reserved 1179648K
  class space    used 10924K, committed 11456K, reserved 1048576K
}
Event: 1260.183 GC heap after
{Heap after GC invocations=46 (full 13):
 garbage-first heap   total 110592K, used 31766K [0x0000000703600000, 0x0000000800000000)
  region size 2048K, 0 young (0K), 0 survivors (0K)
 Metaspace       used 87367K, committed 88448K, reserved 1179648K
  class space    used 10923K, committed 11456K, reserved 1048576K
}
Event: 1260.722 GC heap before
{Heap before GC invocations=46 (full 13):
 garbage-first heap   total 110592K, used 93206K [0x0000000703600000, 0x0000000800000000)
  region size 2048K, 30 young (61440K), 0 survivors (0K)
 Metaspace       used 87891K, committed 89024K, reserved 1179648K
  class space    used 10965K, committed 11520K, reserved 1048576K
}
Event: 1260.725 GC heap after
{Heap after GC invocations=47 (full 13):
 garbage-first heap   total 110592K, used 37768K [0x0000000703600000, 0x0000000800000000)
  region size 2048K, 3 young (6144K), 3 survivors (6144K)
 Metaspace       used 87891K, committed 89024K, reserved 1179648K
  class space    used 10965K, committed 11520K, reserved 1048576K
}
Event: 1391.860 GC heap before
{Heap before GC invocations=47 (full 13):
 garbage-first heap   total 110592K, used 68488K [0x0000000703600000, 0x0000000800000000)
  region size 2048K, 19 young (38912K), 3 survivors (6144K)
 Metaspace       used 87954K, committed 89088K, reserved 1179648K
  class space    used 10965K, committed 11520K, reserved 1048576K
}
Event: 1391.900 GC heap after
{Heap after GC invocations=48 (full 14):
 garbage-first heap   total 110592K, used 32074K [0x0000000703600000, 0x0000000800000000)
  region size 2048K, 0 young (0K), 0 survivors (0K)
 Metaspace       used 87947K, committed 89088K, reserved 1179648K
  class space    used 10964K, committed 11520K, reserved 1048576K
}
Event: 1392.414 GC heap before
{Heap before GC invocations=48 (full 14):
 garbage-first heap   total 110592K, used 91466K [0x0000000703600000, 0x0000000800000000)
  region size 2048K, 29 young (59392K), 0 survivors (0K)
 Metaspace       used 88439K, committed 89600K, reserved 1179648K
  class space    used 11006K, committed 11584K, reserved 1048576K
}
Event: 1392.417 GC heap after
{Heap after GC invocations=49 (full 14):
 garbage-first heap   total 110592K, used 37952K [0x0000000703600000, 0x0000000800000000)
  region size 2048K, 3 young (6144K), 3 survivors (6144K)
 Metaspace       used 88439K, committed 89600K, reserved 1179648K
  class space    used 11006K, committed 11584K, reserved 1048576K
}
Event: 2244.516 GC heap before
{Heap before GC invocations=49 (full 14):
 garbage-first heap   total 110592K, used 91200K [0x0000000703600000, 0x0000000800000000)
  region size 2048K, 29 young (59392K), 3 survivors (6144K)
 Metaspace       used 88485K, committed 89664K, reserved 1179648K
  class space    used 11011K, committed 11584K, reserved 1048576K
}

