# JRE version: OpenJDK Runtime Environment Temurin-21.0.6+7 (21.0.6+7) (build 21.0.6+7-LTS)
# Java VM: OpenJDK 64-Bit Server VM Temurin-21.0.6+7 (21.0.6+7-LTS, mixed mode, sharing, tiered, compressed oops, compressed class ptrs, g1 gc, windows-amd64)
GC Precious Log:
 CardTable entry size: 512
 Card Set container configuration: InlinePtr #cards 4 size 8 Array Of Cards #cards 16 size 48 Howl #buckets 8 coarsen threshold 3686 Howl Bitmap #cards 512 size 80 coarsen threshold 460 Card regions per heap region 1 cards per card region 4096
 CPUs: 16 total, 16 available
 Memory: 16163M
 Large Page Support: Disabled
 NUMA Support: Disabled
 Compressed Oops: Enabled (Zero based)
 Heap Region Size: 2M
 Heap Min Capacity: 8M
 Heap Initial Capacity: 254M
 Heap Max Capacity: 4042M
 Pre-touch: Disabled
 Parallel Workers: 13
 Concurrent Workers: 3
 Concurrent Refinement Workers: 13
 Periodic GC: Disabled
Heap:
 garbage-first heap   total 108544K, used 87525K [0x0000000703600000, 0x0000000800000000)
  region size 2048K, 25 young (51200K), 2 survivors (4096K)
 Metaspace       used 93635K, committed 94784K, reserved 1179648K
  class space    used 11801K, committed 12352K, reserved 1048576K
GC Heap History (20 events):
Event: 625.447 GC heap after
{Heap after GC invocations=46 (full 5):
 garbage-first heap   total 90112K, used 39829K [0x0000000703600000, 0x0000000800000000)
  region size 2048K, 2 young (4096K), 2 survivors (4096K)
 Metaspace       used 90459K, committed 91520K, reserved 1179648K
  class space    used 11562K, committed 12032K, reserved 1048576K
}
Event: 630.003 GC heap before
{Heap before GC invocations=46 (full 5):
 garbage-first heap   total 90112K, used 50069K [0x0000000703600000, 0x0000000800000000)
  region size 2048K, 8 young (16384K), 2 survivors (4096K)
 Metaspace       used 90504K, committed 91584K, reserved 1179648K
  class space    used 11563K, committed 12096K, reserved 1048576K
}
Event: 630.050 GC heap after
{Heap after GC invocations=47 (full 6):
 garbage-first heap   total 90112K, used 32977K [0x0000000703600000, 0x0000000800000000)
  region size 2048K, 0 young (0K), 0 survivors (0K)
 Metaspace       used 90498K, committed 91584K, reserved 1179648K
  class space    used 11562K, committed 12096K, reserved 1048576K
}
Event: 630.316 GC heap before
{Heap before GC invocations=47 (full 6):
 garbage-first heap   total 90112K, used 73937K [0x0000000703600000, 0x0000000800000000)
  region size 2048K, 20 young (40960K), 0 survivors (0K)
 Metaspace       used 90718K, committed 91776K, reserved 1179648K
  class space    used 11588K, committed 12096K, reserved 1048576K
}
Event: 630.319 GC heap after
{Heap after GC invocations=48 (full 6):
 garbage-first heap   total 108544K, used 37073K [0x0000000703600000, 0x0000000800000000)
  region size 2048K, 2 young (4096K), 2 survivors (4096K)
 Metaspace       used 90718K, committed 91776K, reserved 1179648K
  class space    used 11588K, committed 12096K, reserved 1048576K
}
Event: 639.604 GC heap before
{Heap before GC invocations=49 (full 6):
 garbage-first heap   total 108544K, used 88273K [0x0000000703600000, 0x0000000800000000)
  region size 2048K, 28 young (57344K), 2 survivors (4096K)
 Metaspace       used 91253K, committed 92352K, reserved 1179648K
  class space    used 11623K, committed 12160K, reserved 1048576K
}
Event: 639.649 GC heap after
{Heap after GC invocations=50 (full 7):
 garbage-first heap   total 108544K, used 33392K [0x0000000703600000, 0x0000000800000000)
  region size 2048K, 0 young (0K), 0 survivors (0K)
 Metaspace       used 91247K, committed 92352K, reserved 1179648K
  class space    used 11622K, committed 12160K, reserved 1048576K
}
Event: 639.998 GC heap before
{Heap before GC invocations=50 (full 7):
 garbage-first heap   total 108544K, used 84592K [0x0000000703600000, 0x0000000800000000)
  region size 2048K, 26 young (53248K), 0 survivors (0K)
 Metaspace       used 91533K, committed 92608K, reserved 1179648K
  class space    used 11651K, committed 12160K, reserved 1048576K
}
Event: 640.001 GC heap after
{Heap after GC invocations=51 (full 7):
 garbage-first heap   total 108544K, used 38763K [0x0000000703600000, 0x0000000800000000)
  region size 2048K, 3 young (6144K), 3 survivors (6144K)
 Metaspace       used 91533K, committed 92608K, reserved 1179648K
  class space    used 11651K, committed 12160K, reserved 1048576K
}
Event: 662.298 GC heap before
{Heap before GC invocations=52 (full 7):
 garbage-first heap   total 108544K, used 79723K [0x0000000703600000, 0x0000000800000000)
  region size 2048K, 24 young (49152K), 3 survivors (6144K)
 Metaspace       used 92039K, committed 93184K, reserved 1179648K
  class space    used 11684K, committed 12224K, reserved 1048576K
}
Event: 662.345 GC heap after
{Heap after GC invocations=53 (full 8):
 garbage-first heap   total 108544K, used 33886K [0x0000000703600000, 0x0000000800000000)
  region size 2048K, 0 young (0K), 0 survivors (0K)
 Metaspace       used 92033K, committed 93184K, reserved 1179648K
  class space    used 11683K, committed 12224K, reserved 1048576K
}
Event: 662.757 GC heap before
{Heap before GC invocations=53 (full 8):
 garbage-first heap   total 108544K, used 89182K [0x0000000703600000, 0x0000000800000000)
  region size 2048K, 27 young (55296K), 0 survivors (0K)
 Metaspace       used 92332K, committed 93440K, reserved 1179648K
  class space    used 11715K, committed 12224K, reserved 1048576K
}
Event: 662.761 GC heap after
{Heap after GC invocations=54 (full 8):
 garbage-first heap   total 108544K, used 39116K [0x0000000703600000, 0x0000000800000000)
  region size 2048K, 3 young (6144K), 3 survivors (6144K)
 Metaspace       used 92332K, committed 93440K, reserved 1179648K
  class space    used 11715K, committed 12224K, reserved 1048576K
}
Event: 730.521 GC heap before
{Heap before GC invocations=55 (full 8):
 garbage-first heap   total 108544K, used 90316K [0x0000000703600000, 0x0000000800000000)
  region size 2048K, 28 young (57344K), 3 survivors (6144K)
 Metaspace       used 92816K, committed 93952K, reserved 1179648K
  class space    used 11744K, committed 12288K, reserved 1048576K
}
Event: 730.525 GC heap after
{Heap after GC invocations=56 (full 8):
 garbage-first heap   total 108544K, used 40742K [0x0000000703600000, 0x0000000800000000)
  region size 2048K, 2 young (4096K), 2 survivors (4096K)
 Metaspace       used 92816K, committed 93952K, reserved 1179648K
  class space    used 11744K, committed 12288K, reserved 1048576K
}
Event: 755.594 GC heap before
{Heap before GC invocations=56 (full 8):
 garbage-first heap   total 108544K, used 46886K [0x0000000703600000, 0x0000000800000000)
  region size 2048K, 6 young (12288K), 2 survivors (4096K)
 Metaspace       used 92835K, committed 93952K, reserved 1179648K
  class space    used 11745K, committed 12288K, reserved 1048576K
}
Event: 755.643 GC heap after
{Heap after GC invocations=57 (full 9):
 garbage-first heap   total 108544K, used 35160K [0x0000000703600000, 0x0000000800000000)
  region size 2048K, 0 young (0K), 0 survivors (0K)
 Metaspace       used 92829K, committed 93952K, reserved 1179648K
  class space    used 11744K, committed 12288K, reserved 1048576K
}
Event: 756.030 GC heap before
{Heap before GC invocations=57 (full 9):
 garbage-first heap   total 108544K, used 86360K [0x0000000703600000, 0x0000000800000000)
  region size 2048K, 26 young (53248K), 0 survivors (0K)
 Metaspace       used 93130K, committed 94272K, reserved 1179648K
  class space    used 11772K, committed 12288K, reserved 1048576K
}
Event: 756.034 GC heap after
{Heap after GC invocations=58 (full 9):
 garbage-first heap   total 108544K, used 40421K [0x0000000703600000, 0x0000000800000000)
  region size 2048K, 3 young (6144K), 3 survivors (6144K)
 Metaspace       used 93130K, committed 94272K, reserved 1179648K
  class space    used 11772K, committed 12288K, reserved 1048576K
}
Event: 948.401 GC heap before
{Heap before GC invocations=59 (full 9):
 garbage-first heap   total 108544K, used 87525K [0x0000000703600000, 0x0000000800000000)
  region size 2048K, 26 young (53248K), 3 survivors (6144K)
 Metaspace       used 93635K, committed 94784K, reserved 1179648K
  class space    used 11801K, committed 12352K, reserved 1048576K
}

